c:\users\임미경\desktop\katamaridamacy\engine\default\x64\debug\vc140.pdb
c:\users\임미경\desktop\katamaridamacy\engine\default\x64\debug\vc140.idb
c:\users\임미경\desktop\katamaridamacy\engine\default\x64\debug\light.obj
c:\users\임미경\desktop\katamaridamacy\engine\default\x64\debug\lightmgr.obj
c:\users\임미경\desktop\katamaridamacy\engine\default\x64\debug\management.obj
c:\users\임미경\desktop\katamaridamacy\engine\default\x64\debug\meshcontainer.obj
c:\users\임미경\desktop\katamaridamacy\engine\default\x64\debug\model.obj
c:\users\임미경\desktop\katamaridamacy\engine\default\x64\debug\obj.obj
c:\users\임미경\desktop\katamaridamacy\engine\default\x64\debug\objmgr.obj
c:\users\임미경\desktop\katamaridamacy\engine\default\x64\debug\physx.obj
c:\users\임미경\desktop\katamaridamacy\engine\default\x64\debug\pipeline.obj
c:\users\임미경\desktop\katamaridamacy\engine\default\x64\debug\renderer.obj
c:\users\임미경\desktop\katamaridamacy\engine\default\x64\debug\scene.obj
c:\users\임미경\desktop\katamaridamacy\engine\default\x64\debug\scenemgr.obj
c:\users\임미경\desktop\katamaridamacy\engine\default\x64\debug\soundmgr.obj
c:\users\임미경\desktop\katamaridamacy\engine\default\x64\debug\texture.obj
c:\users\임미경\desktop\katamaridamacy\engine\default\x64\debug\timemgr.obj
c:\users\임미경\desktop\katamaridamacy\engine\default\x64\debug\timer.obj
c:\users\임미경\desktop\katamaridamacy\engine\default\x64\debug\transform.obj
c:\users\임미경\desktop\katamaridamacy\engine\default\x64\debug\vibuffer.obj
c:\users\임미경\desktop\katamaridamacy\engine\default\x64\debug\vibuffer_rect.obj
c:\users\임미경\desktop\katamaridamacy\engine\default\x64\debug\vibuffer_terrain.obj
c:\users\임미경\desktop\katamaridamacy\engine\default\x64\debug\animation.obj
c:\users\임미경\desktop\katamaridamacy\engine\default\x64\debug\base.obj
c:\users\임미경\desktop\katamaridamacy\engine\default\x64\debug\camera.obj
c:\users\임미경\desktop\katamaridamacy\engine\default\x64\debug\channel.obj
c:\users\임미경\desktop\katamaridamacy\engine\default\x64\debug\collider.obj
c:\users\임미경\desktop\katamaridamacy\engine\default\x64\debug\hierarchynode.obj
c:\users\임미경\desktop\katamaridamacy\engine\default\x64\debug\input.obj
c:\users\임미경\desktop\katamaridamacy\engine\default\x64\debug\keymgr.obj
c:\users\임미경\desktop\katamaridamacy\engine\default\x64\debug\component.obj
c:\users\임미경\desktop\katamaridamacy\engine\default\x64\debug\componentmgr.obj
c:\users\임미경\desktop\katamaridamacy\engine\default\x64\debug\graphic.obj
c:\users\임미경\desktop\katamaridamacy\engine\default\x64\debug\layer.obj
c:\users\임미경\desktop\katamaridamacy\engine\default\x64\debug\debugdraw.obj
c:\users\임미경\desktop\katamaridamacy\engine\bin\engine.lib
c:\users\임미경\desktop\katamaridamacy\engine\bin\engine.exp
c:\users\임미경\desktop\katamaridamacy\engine\bin\engine.ilk
c:\users\임미경\desktop\katamaridamacy\engine\bin\engine.dll
c:\users\임미경\desktop\katamaridamacy\engine\bin\engine.pdb
c:\users\임미경\desktop\katamaridamacy\engine\default\..\bin\engine.dll
c:\users\임미경\desktop\katamaridamacy\engine\default\x64\debug\engine.tlog\cl.command.1.tlog
c:\users\임미경\desktop\katamaridamacy\engine\default\x64\debug\engine.tlog\cl.read.1.tlog
c:\users\임미경\desktop\katamaridamacy\engine\default\x64\debug\engine.tlog\cl.write.1.tlog
c:\users\임미경\desktop\katamaridamacy\engine\default\x64\debug\engine.tlog\engine.write.1u.tlog
c:\users\임미경\desktop\katamaridamacy\engine\default\x64\debug\engine.tlog\link.command.1.tlog
c:\users\임미경\desktop\katamaridamacy\engine\default\x64\debug\engine.tlog\link.read.1.tlog
c:\users\임미경\desktop\katamaridamacy\engine\default\x64\debug\engine.tlog\link.write.1.tlog
