  Physx.cpp
c:\users\임미경\desktop\katamaridamacy\engine\codes\physx.cpp(55): warning C4244: '인수': 'Engine::_double'에서 'physx::PxReal'(으)로 변환하면서 데이터가 손실될 수 있습니다.
  Engine.vcxproj -> C:\Users\임미경\Desktop\KatamariDamacy\Engine\Default\..\Bin\Engine.dll
  Engine.vcxproj -> ..\Bin\Engine.pdb (Full PDB)
  ..\Headers\Base.h
  ..\Headers\Camera.h
  ..\Headers\Component.h
  ..\Headers\ComponentMgr.h
  ..\Headers\d3dx11effect.h
  ..\Headers\d3dxGlobal.h
  ..\Headers\DirectXTex.h
  ..\Headers\DirectXTex.inl
  ..\Headers\EngineDefines.h
  ..\Headers\EngineFunction.h
  ..\Headers\EngineMacro.h
  ..\Headers\EngineStruct.h
  ..\Headers\EngineTypedef.h
  ..\Headers\Graphic.h
  ..\Headers\keyMgr.h
  ..\Headers\Layer.h
  ..\Headers\LayerMgr.h
  ..\Headers\Management.h
  ..\Headers\Obj.h
  ..\Headers\ObjMgr.h
  ..\Headers\Physx.h
  ..\Headers\PipeLine.h
  ..\Headers\Renderer.h
  ..\Headers\Scene.h
  ..\Headers\SceneMgr.h
  ..\Headers\SoundMgr.h
  ..\Headers\Texture.h
  ..\Headers\TimeMgr.h
  ..\Headers\Timer.h
  ..\Headers\Transform.h
  ..\Headers\VIBuffer.h
  ..\Headers\VIBuffer_Rect.h
  ..\Headers\VIBuffer_Terrain.h
  33개 파일이 복사되었습니다.
  ..\Bin\Engine.lib
  1개 파일이 복사되었습니다.
  ..\Bin\Engine.dll
  1개 파일이 복사되었습니다.
  ..\Bin\Engine.dll
  1개 파일이 복사되었습니다.
